Found 8 PDF files in 1250

📊 STATEMENT TOTALS
==================================================
Statement Total: $929.05
Calculated Total: $958.03
Status: ❌ MISMATCH ($28.98)

================================================================================
CATEGORY BREAKDOWN TABLE
================================================================================
Category             Count    Amount          % of Total  
--------------------------------------------------------------------------------
TRAVEL               17       $668.63         69.8       %
OTHER                3        $134.41         14.0       %
SERVICES             1        $84.99          8.9        %
DINING               4        $39.83          4.2        %
GROCERIES            2        $24.99          2.6        %
MEDICAL/HEALTH       1        $5.18           0.5        %
--------------------------------------------------------------------------------
TOTAL                28       $958.03         100.0      %
================================================================================
Category Sum: $958.03 | New Balance Total: $929.05
❌ CATEGORY MISMATCH: $-28.98
   Adding MISC category adjustment: $-28.98

================================================================================
ADJUSTED CATEGORY BREAKDOWN TABLE
================================================================================
Category             Count    Amount          % of Total  
--------------------------------------------------------------------------------
TRAVEL               17       $668.63         72.0       %
OTHER                3        $134.41         14.5       %
SERVICES             1        $84.99          9.1        %
DINING               4        $39.83          4.3        %
GROCERIES            2        $24.99          2.7        %
MEDICAL/HEALTH       1        $5.18           0.6        %
MISC                 1        $-28.98         -3.1       %
--------------------------------------------------------------------------------
TOTAL                29       $929.05         100.0      %
================================================================================
Adjusted Category Sum: $929.05 | New Balance Total: $929.05
✅ ADJUSTED CATEGORIES MATCH STATEMENT TOTAL

📊 STATEMENT TOTALS
==================================================
Statement Total: $1,995.35
Calculated Total: $1,995.35
Status: ✅ MATCH

================================================================================
CATEGORY BREAKDOWN TABLE
================================================================================
Category             Count    Amount          % of Total  
--------------------------------------------------------------------------------
TRAVEL               31       $1,583.62       79.4       %
OTHER                5        $210.95         10.6       %
SERVICES             1        $79.95          4.0        %
DINING               7        $65.11          3.3        %
GROCERIES            3        $46.66          2.3        %
RESTAURANT           1        $9.06           0.5        %
--------------------------------------------------------------------------------
TOTAL                48       $1,995.35       100.0      %
================================================================================
Category Sum: $1,995.35 | New Balance Total: $1,995.35
✅ CATEGORIES MATCH STATEMENT TOTAL

📊 STATEMENT TOTALS
==================================================
Statement Total: $1,412.80
Calculated Total: $1,412.80
Status: ✅ MATCH

================================================================================
CATEGORY BREAKDOWN TABLE
================================================================================
Category             Count    Amount          % of Total  
--------------------------------------------------------------------------------
TRAVEL               17       $759.28         53.7       %
SERVICES             2        $307.00         21.7       %
OTHER                5        $115.42         8.2        %
GROCERIES            3        $89.06          6.3        %
MAINTENANCE          1        $85.00          6.0        %
DINING               5        $57.04          4.0        %
--------------------------------------------------------------------------------
TOTAL                33       $1,412.80       100.0      %
================================================================================
Category Sum: $1,412.80 | New Balance Total: $1,412.80
✅ CATEGORIES MATCH STATEMENT TOTAL

📊 STATEMENT TOTALS
==================================================
Statement Total: $624.44
Calculated Total: $624.44
Status: ✅ MATCH

================================================================================
CATEGORY BREAKDOWN TABLE
================================================================================
Category             Count    Amount          % of Total  
--------------------------------------------------------------------------------
OTHER                8        $252.12         40.4       %
GROCERIES            12       $200.57         32.1       %
DINING               3        $93.05          14.9       %
TRAVEL               23       $52.40          8.4        %
AUTO                 1        $17.75          2.8        %
ENTERTAINMENT        1        $8.55           1.4        %
--------------------------------------------------------------------------------
TOTAL                48       $624.44         100.0      %
================================================================================
Category Sum: $624.44 | New Balance Total: $624.44
✅ CATEGORIES MATCH STATEMENT TOTAL

📊 STATEMENT TOTALS
==================================================
Statement Total: $2,006.72
Calculated Total: $1,911.72
Status: ❌ MISMATCH ($-95.00)

================================================================================
CATEGORY BREAKDOWN TABLE
================================================================================
Category             Count    Amount          % of Total  
--------------------------------------------------------------------------------
TRAVEL               11       $1,605.68       84.0       %
OTHER                6        $164.67         8.6        %
GROCERIES            3        $49.64          2.6        %
SERVICES             2        $46.45          2.4        %
DINING               4        $45.28          2.4        %
--------------------------------------------------------------------------------
TOTAL                26       $1,911.72       100.0      %
================================================================================
Category Sum: $1,911.72 | New Balance Total: $2,006.72
❌ CATEGORY MISMATCH: $95.00
   Adding MISC category adjustment: $95.00

================================================================================
ADJUSTED CATEGORY BREAKDOWN TABLE
================================================================================
Category             Count    Amount          % of Total  
--------------------------------------------------------------------------------
TRAVEL               11       $1,605.68       80.0       %
OTHER                6        $164.67         8.2        %
GROCERIES            3        $49.64          2.5        %
SERVICES             2        $46.45          2.3        %
DINING               4        $45.28          2.3        %
MISC                 1        $95.00          4.7        %
--------------------------------------------------------------------------------
TOTAL                27       $2,006.72       100.0      %
================================================================================
Adjusted Category Sum: $2,006.72 | New Balance Total: $2,006.72
✅ ADJUSTED CATEGORIES MATCH STATEMENT TOTAL

📊 STATEMENT TOTALS
==================================================
Statement Total: $1,230.68
Calculated Total: $1,230.68
Status: ✅ MATCH

================================================================================
CATEGORY BREAKDOWN TABLE
================================================================================
Category             Count    Amount          % of Total  
--------------------------------------------------------------------------------
OTHER                10       $447.35         36.3       %
TRAVEL               5        $276.49         22.5       %
MAINTENANCE          4        $137.71         11.2       %
DINING               7        $110.32         9.0        %
SERVICES             2        $95.98          7.8        %
GROCERIES            7        $95.76          7.8        %
MEDICAL/HEALTH       1        $61.19          5.0        %
AUTO                 1        $5.88           0.5        %
--------------------------------------------------------------------------------
TOTAL                37       $1,230.68       100.0      %
================================================================================
Category Sum: $1,230.68 | New Balance Total: $1,230.68
✅ CATEGORIES MATCH STATEMENT TOTAL

📊 STATEMENT TOTALS
==================================================
Statement Total: $2,819.49
Calculated Total: $2,819.49
Status: ✅ MATCH

================================================================================
CATEGORY BREAKDOWN TABLE
================================================================================
Category             Count    Amount          % of Total  
--------------------------------------------------------------------------------
TRAVEL               48       $1,994.78       70.7       %
GROCERIES            18       $614.50         21.8       %
OTHER                5        $119.37         4.2        %
DINING               5        $54.01          1.9        %
MAINTENANCE          1        $27.09          1.0        %
MEDICAL/HEALTH       1        $5.99           0.2        %
DINIG                1        $3.75           0.1        %
--------------------------------------------------------------------------------
TOTAL                79       $2,819.49       100.0      %
================================================================================
Category Sum: $2,819.49 | New Balance Total: $2,819.49
✅ CATEGORIES MATCH STATEMENT TOTAL

📊 STATEMENT TOTALS
==================================================
Statement Total: $471.49
Calculated Total: $471.49
Status: ✅ MATCH

================================================================================
CATEGORY BREAKDOWN TABLE
================================================================================
Category             Count    Amount          % of Total  
--------------------------------------------------------------------------------
GROCERIES            7        $202.13         42.9       %
OTHER                5        $169.05         35.9       %
DINING               10       $130.88         27.8       %
MEDICAL/HEALTH       1        $18.05          3.8        %
AUTO                 1        $7.77           1.6        %
TRAVEL               27       $-56.39         -12.0      %
--------------------------------------------------------------------------------
TOTAL                51       $471.49         100.0      %
================================================================================
Category Sum: $471.49 | New Balance Total: $471.49
✅ CATEGORIES MATCH STATEMENT TOTAL
